Line 35: Class TabDlg.SSTab of control stbEmpresa was not a loaded control class.
Line 135: Class PVMaskEditLib.PVMaskEdit of control txtCNPJCPF was not a loaded control class.
Line 584: Class PVMaskEditLib.PVMaskEdit of control txtCNPJ was not a loaded control class.
Line 722: Class Threed.SSCheck of control chkIndustria was not a loaded control class.
Line 743: Class Threed.SSCheck of control chkDesconto was not a loaded control class.
Line 764: Class Threed.SSCheck of control chkNFE was not a loaded control class.
Line 785: Class Threed.SSCheck of control chkControleEstoque was not a loaded control class.
Line 806: Class Threed.SSCheck of control chkEstoque was not a loaded control class.
Line 827: Class Threed.SSCheck of control chkFatPedido was not a loaded control class.
Line 848: Class Threed.SSCheck of control chkLEI_12741 was not a loaded control class.
Line 869: Class MSMask.MaskEdBox of control txtCep was not a loaded control class.
Line 892: Class MSComctlLib.Toolbar of control Toolbar_Fone was not a loaded control class.
Line 914: Class MSAdodcLib.Adodc of control adoFone was not a loaded control class.
Line 961: Class MSDataGridLib.DataGrid of control grdFone was not a loaded control class.
Line 1050: Class Threed.SSCommand of control cmdEmail was not a loaded control class.
Line 1075: Class Threed.SSCheck of control chkBaixaEstPedido was not a loaded control class.
Line 1096: Class MSComctlLib.Toolbar of control cmdMataIE was not a loaded control class.
Line 1118: Class Threed.SSCheck of control chkMarkap was not a loaded control class.
Line 1141: Class Threed.SSCheck of control chkCli was not a loaded control class.
Line 1163: Class Threed.SSCheck of control chkFunc was not a loaded control class.
Line 1185: Class MSComctlLib.Toolbar of control Toolbar2 was not a loaded control class.
Line 1207: Class Threed.SSCheck of control chkPercDesconto was not a loaded control class.
Line 1228: Class MSMask.MaskEdBox of control txtCNPJCRED was not a loaded control class.
Line 1251: Class Threed.SSCheck of control chkLimpaPedido was not a loaded control class.
Line 1272: Class Threed.SSCheck of control chkDoc_Fiscal was not a loaded control class.
Line 1625: Class MSComctlLib.Toolbar of control Toolbar1 was not a loaded control class.
Line 1688: Class MSComctlLib.ImageList of control ImageList2 was not a loaded control class.
Line 1727: Class MSComctlLib.ImageList of control ImageList1 was not a loaded control class.
Line 1745: Class ActiveResizer.SSResizer of control SSResizer1 was not a loaded control class.
