Line 22: Class MSComctlLib.ImageList of control ImageList1 was not a loaded control class.
Line 150: Class TabDlg.SSTab of control SSTab1 was not a loaded control class.
Line 201: Class MSComDlg.CommonDialog of control buscaxml was not a loaded control class.
Line 208: Class MSHierarchicalFlexGridLib.MSHFlexGrid of control grade1 was not a loaded control class.
Line 290: Class MSHierarchicalFlexGridLib.MSHFlexGrid of control grade3 was not a loaded control class.
Line 2331: Class MSAdodcLib.Adodc of control Adodc1 was not a loaded control class.
Line 2378: Class MSMask.MaskEdBox of control msk_entrada was not a loaded control class.
Line 2401: Class MSMask.MaskEdBox of control msk_emissao was not a loaded control class.
Line 2424: Class MSMask.MaskEdBox of control msk_chegada was not a loaded control class.
Line 2874: Class MSComctlLib.Toolbar of control Toolbar1 was not a loaded control class.
Line 2976: Class Threed.SSCommand of control cmd_confirma was not a loaded control class.
Line 25: The property name _ExtentX in ImageList1 is invalid.
Line 26: The property name _ExtentY in ImageList1 is invalid.
Line 28: The property name ImageWidth in ImageList1 is invalid.
Line 29: The property name ImageHeight in ImageList1 is invalid.
Line 30: The property name MaskColor in ImageList1 is invalid.
Line 31: The property name _Version in ImageList1 is invalid.
Line 130: The property name Images in ImageList1 is invalid.
Line 156: The property name _ExtentX in SSTab1 is invalid.
Line 157: The property name _ExtentY in SSTab1 is invalid.
Line 158: The property name _Version in SSTab1 is invalid.
Line 159: The property name Style in SSTab1 is invalid.
Line 160: The property name Tabs in SSTab1 is invalid.
Line 161: The property name TabsPerRow in SSTab1 is invalid.
Line 162: The property name TabHeight in SSTab1 is invalid.
Line 172: The property name TabCaption(0) in SSTab1 is invalid.
Line 173: The property name TabPicture(0) in SSTab1 is invalid.
Line 174: The property name Tab(0).ControlEnabled in SSTab1 is invalid.
Line 175: The property name Tab(0).Control(0) in SSTab1 is invalid.
Line 176: The property name Tab(0).Control(0).Enabled in SSTab1 is invalid.
Line 177: The property name Tab(0).Control(1) in SSTab1 is invalid.
Line 178: The property name Tab(0).Control(1).Enabled in SSTab1 is invalid.
Line 179: The property name Tab(0).Control(2) in SSTab1 is invalid.
Line 180: The property name Tab(0).Control(2).Enabled in SSTab1 is invalid.
Line 181: The property name Tab(0).ControlCount in SSTab1 is invalid.
Line 182: The property name TabCaption(1) in SSTab1 is invalid.
Line 183: The property name TabPicture(1) in SSTab1 is invalid.
Line 184: The property name Tab(1).ControlEnabled in SSTab1 is invalid.
Line 185: The property name Tab(1).Control(0) in SSTab1 is invalid.
Line 186: The property name Tab(1).ControlCount in SSTab1 is invalid.
Line 187: The property name TabCaption(2) in SSTab1 is invalid.
Line 188: The property name TabPicture(2) in SSTab1 is invalid.
Line 189: The property name Tab(2).ControlEnabled in SSTab1 is invalid.
Line 190: The property name Tab(2).Control(0) in SSTab1 is invalid.
Line 191: The property name Tab(2).ControlCount in SSTab1 is invalid.
Line 192: The property name TabCaption(3) in SSTab1 is invalid.
Line 193: The property name TabPicture(3) in SSTab1 is invalid.
Line 194: The property name Tab(3).ControlEnabled in SSTab1 is invalid.
Line 195: The property name Tab(3).Control(0) in SSTab1 is invalid.
Line 196: The property name Tab(3).Control(1) in SSTab1 is invalid.
Line 197: The property name Tab(3).Control(2) in SSTab1 is invalid.
Line 198: The property name Tab(3).Control(3) in SSTab1 is invalid.
Line 199: The property name Tab(3).Control(4) in SSTab1 is invalid.
Line 200: The property name Tab(3).ControlCount in SSTab1 is invalid.
Line 204: The property name _ExtentX in buscaxml is invalid.
Line 205: The property name _ExtentY in buscaxml is invalid.
Line 206: The property name _Version in buscaxml is invalid.
Line 215: The property name _ExtentX in grade1 is invalid.
Line 216: The property name _ExtentY in grade1 is invalid.
Line 217: The property name _Version in grade1 is invalid.
Line 218: The property name RowHeightMin in grade1 is invalid.
Line 219: The property name BackColorBkg in grade1 is invalid.
Line 220: The property name GridColor in grade1 is invalid.
Line 221: The property name FocusRect in grade1 is invalid.
Line 222: The property name AllowUserResizing in grade1 is invalid.
Line 223: The property name RowSizingMode in grade1 is invalid.
Line 233: The property name _NumberOfBands in grade1 is invalid.
Line 234: The property name _Band(0).Cols in grade1 is invalid.
Line 235: The property name _Band(0).GridLinesBand in grade1 is invalid.
Line 236: The property name _Band(0).TextStyleBand in grade1 is invalid.
Line 237: The property name _Band(0).TextStyleHeader in grade1 is invalid.
Line 296: The property name _ExtentX in grade3 is invalid.
Line 297: The property name _ExtentY in grade3 is invalid.
Line 298: The property name _Version in grade3 is invalid.
Line 299: The property name FixedCols in grade3 is invalid.
Line 300: The property name RowHeightMin in grade3 is invalid.
Line 301: The property name BackColorBkg in grade3 is invalid.
Line 302: The property name GridColor in grade3 is invalid.
Line 303: The property name WordWrap in grade3 is invalid.
Line 304: The property name FocusRect in grade3 is invalid.
Line 305: The property name SelectionMode in grade3 is invalid.
Line 306: The property name RowSizingMode in grade3 is invalid.
Line 316: The property name _NumberOfBands in grade3 is invalid.
Line 317: The property name _Band(0).Cols in grade3 is invalid.
Line 2337: The property name _ExtentX in Adodc1 is invalid.
Line 2338: The property name _ExtentY in Adodc1 is invalid.
Line 2339: The property name ConnectMode in Adodc1 is invalid.
Line 2340: The property name CursorLocation in Adodc1 is invalid.
Line 2341: The property name IsolationLevel in Adodc1 is invalid.
Line 2342: The property name ConnectionTimeout in Adodc1 is invalid.
Line 2343: The property name CommandTimeout in Adodc1 is invalid.
Line 2344: The property name CursorType in Adodc1 is invalid.
Line 2345: The property name LockType in Adodc1 is invalid.
Line 2346: The property name CommandType in Adodc1 is invalid.
Line 2347: The property name CursorOptions in Adodc1 is invalid.
Line 2348: The property name CacheSize in Adodc1 is invalid.
Line 2349: The property name MaxRecords in Adodc1 is invalid.
Line 2350: The property name BOFAction in Adodc1 is invalid.
Line 2351: The property name EOFAction in Adodc1 is invalid.
Line 2352: The property name ConnectStringType in Adodc1 is invalid.
Line 2356: The property name Orientation in Adodc1 is invalid.
Line 2358: The property name Connect in Adodc1 is invalid.
Line 2359: The property name OLEDBString in Adodc1 is invalid.
Line 2360: The property name OLEDBFile in Adodc1 is invalid.
Line 2361: The property name DataSourceName in Adodc1 is invalid.
Line 2362: The property name OtherAttributes in Adodc1 is invalid.
Line 2363: The property name UserName in Adodc1 is invalid.
Line 2364: The property name Password in Adodc1 is invalid.
Line 2365: The property name RecordSource in Adodc1 is invalid.
Line 2366: The property name Caption in Adodc1 is invalid.
Line 2376: The property name _Version in Adodc1 is invalid.
Line 2384: The property name _ExtentX in msk_entrada is invalid.
Line 2385: The property name _ExtentY in msk_entrada is invalid.
Line 2386: The property name _Version in msk_entrada is invalid.
Line 2387: The property name MaxLength in msk_entrada is invalid.
Line 2397: The property name Format in msk_entrada is invalid.
Line 2398: The property name Mask in msk_entrada is invalid.
Line 2399: The property name PromptChar in msk_entrada is invalid.
Line 2407: The property name _ExtentX in msk_emissao is invalid.
Line 2408: The property name _ExtentY in msk_emissao is invalid.
Line 2409: The property name _Version in msk_emissao is invalid.
Line 2410: The property name MaxLength in msk_emissao is invalid.
Line 2420: The property name Format in msk_emissao is invalid.
Line 2421: The property name Mask in msk_emissao is invalid.
Line 2422: The property name PromptChar in msk_emissao is invalid.
Line 2430: The property name _ExtentX in msk_chegada is invalid.
Line 2431: The property name _ExtentY in msk_chegada is invalid.
Line 2432: The property name _Version in msk_chegada is invalid.
Line 2433: The property name MaxLength in msk_chegada is invalid.
Line 2443: The property name Format in msk_chegada is invalid.
Line 2444: The property name Mask in msk_chegada is invalid.
Line 2445: The property name PromptChar in msk_chegada is invalid.
Line 2881: The property name _ExtentX in Toolbar1 is invalid.
Line 2882: The property name _ExtentY in Toolbar1 is invalid.
Line 2883: The property name ButtonWidth in Toolbar1 is invalid.
Line 2884: The property name ButtonHeight in Toolbar1 is invalid.
Line 2886: The property name Style in Toolbar1 is invalid.
Line 2887: The property name ImageList in Toolbar1 is invalid.
Line 2888: The property name _Version in Toolbar1 is invalid.
Line 2952: The property name Buttons in Toolbar1 is invalid.
Line 2982: The property name _ExtentX in cmd_confirma is invalid.
Line 2983: The property name _ExtentY in cmd_confirma is invalid.
Line 2984: The property name _Version in cmd_confirma is invalid.
Line 2985: The property name Windowless in cmd_confirma is invalid.
Line 2995: The property name Caption in cmd_confirma is invalid.
Line 2996: The property name ButtonStyle in cmd_confirma is invalid.
Line 2997: The property name Outline in cmd_confirma is invalid.
