Line 147: Class WMPLibCtl.WindowsMediaPlayer of control WindowsMediaPlayer1 was not a loaded control class.
Line 153: The property name URL in WindowsMediaPlayer1 is invalid.
Line 154: The property name rate in WindowsMediaPlayer1 is invalid.
Line 155: The property name balance in WindowsMediaPlayer1 is invalid.
Line 156: The property name currentPosition in WindowsMediaPlayer1 is invalid.
Line 157: The property name defaultFrame in WindowsMediaPlayer1 is invalid.
Line 158: The property name playCount in WindowsMediaPlayer1 is invalid.
Line 159: The property name autoStart in WindowsMediaPlayer1 is invalid.
Line 160: The property name currentMarker in WindowsMediaPlayer1 is invalid.
Line 161: The property name invokeURLs in WindowsMediaPlayer1 is invalid.
Line 162: The property name baseURL in WindowsMediaPlayer1 is invalid.
Line 163: The property name volume in WindowsMediaPlayer1 is invalid.
Line 164: The property name mute in WindowsMediaPlayer1 is invalid.
Line 165: The property name uiMode in WindowsMediaPlayer1 is invalid.
Line 166: The property name stretchToFit in WindowsMediaPlayer1 is invalid.
Line 167: The property name windowlessVideo in WindowsMediaPlayer1 is invalid.
Line 169: The property name enableContextMenu in WindowsMediaPlayer1 is invalid.
Line 170: The property name fullScreen in WindowsMediaPlayer1 is invalid.
Line 171: The property name SAMIStyle in WindowsMediaPlayer1 is invalid.
Line 172: The property name SAMILang in WindowsMediaPlayer1 is invalid.
Line 173: The property name SAMIFilename in WindowsMediaPlayer1 is invalid.
Line 174: The property name captioningID in WindowsMediaPlayer1 is invalid.
Line 175: The property name enableErrorDialogs in WindowsMediaPlayer1 is invalid.
Line 176: The property name _cx in WindowsMediaPlayer1 is invalid.
Line 177: The property name _cy in WindowsMediaPlayer1 is invalid.
Line 153: The property name URL in WindowsMediaPlayer1 is invalid.
Line 154: The property name rate in WindowsMediaPlayer1 is invalid.
Line 155: The property name balance in WindowsMediaPlayer1 is invalid.
Line 156: The property name currentPosition in WindowsMediaPlayer1 is invalid.
Line 157: The property name defaultFrame in WindowsMediaPlayer1 is invalid.
Line 158: The property name playCount in WindowsMediaPlayer1 is invalid.
Line 159: The property name autoStart in WindowsMediaPlayer1 is invalid.
Line 160: The property name currentMarker in WindowsMediaPlayer1 is invalid.
Line 161: The property name invokeURLs in WindowsMediaPlayer1 is invalid.
Line 162: The property name baseURL in WindowsMediaPlayer1 is invalid.
Line 163: The property name volume in WindowsMediaPlayer1 is invalid.
Line 164: The property name mute in WindowsMediaPlayer1 is invalid.
Line 165: The property name uiMode in WindowsMediaPlayer1 is invalid.
Line 166: The property name stretchToFit in WindowsMediaPlayer1 is invalid.
Line 167: The property name windowlessVideo in WindowsMediaPlayer1 is invalid.
Line 169: The property name enableContextMenu in WindowsMediaPlayer1 is invalid.
Line 170: The property name fullScreen in WindowsMediaPlayer1 is invalid.
Line 171: The property name SAMIStyle in WindowsMediaPlayer1 is invalid.
Line 172: The property name SAMILang in WindowsMediaPlayer1 is invalid.
Line 173: The property name SAMIFilename in WindowsMediaPlayer1 is invalid.
Line 174: The property name captioningID in WindowsMediaPlayer1 is invalid.
Line 175: The property name enableErrorDialogs in WindowsMediaPlayer1 is invalid.
Line 176: The property name _cx in WindowsMediaPlayer1 is invalid.
Line 177: The property name _cy in WindowsMediaPlayer1 is invalid.
